1707348852607:hello-world
1707348886525:exit
1707349571238:spring
1707349621059:hello-world spring
1707350879450:search someManga
1707357468787:search jujutsu
1707357485349:stacktrace
1707357716018:exit
1707357752968:search jujutsu
1707357760650:stacktrace
1707358472394:search jujutsu
1707358481850:stacktrace
1707358759985:search jujutsu
1707358767325:stacktrace
1707358888100:search jujutsu
1707358897563:stackstrace
1707358901865:stacktrace
1707359018207:search jujuts
1707359023655:stacktrace
1707359364292:search jujutsu
1707359390887:exit
1707420822441:search jujust
1707420842846:stacktrace
1707420898730:search jujutsu
1707421184338:stacktrace
1707421199807:search jujutsu
1707421207120:exit
1707421583582:search jujutsu
1707421620986:stacktrace
1707421648861:search jujutsu
1707428237671:stacktrace
1707428594754:search foo
1707428686439:search fo
1707428712642:search foo
1707431218298:search jujutsu
1707431945580:search someManga
1707432638908:hello-world spring
1707433163874:search someManga
1707433165332:hello-world spring
1707434672048:search someManga
1707434673495:hello-world spring
1707445955607:search someManga
1707446433404:search Inexistent
1707446459610:search someManga
1707446461056:search Inexistent
1707448833196:search jujutsu
1707448847461:chapters c52b2ce3-7f95-469c-96b0-479524fb7a1a
1707448854351:stacktrace
1707448984227:chapters c52b2ce3-7f95-469c-96b0-479524fb7a1a
1707448989513:stacktrace
1707449239736:search jujutsu
1707449254385:chapters c52b2ce3-7f95-469c-96b0-479524fb7a1a
1707449262192:stacktrace
1707449406068:chapters c52b2ce3-7f95-469c-96b0-479524fb7a1a
1707449590292:stacktrace
1707449630876:chapters c52b2ce3-7f95-469c-96b0-479524fb7a1a
1707449706342:search "kimi no koto dai dai"
1707449720365:chapters efb4278c-a761-406b-9d69-19603c5e4c8b
1707490374340:search jujust --page 1
1707490566139:search jujutsu
1707490577396:search jujutsu 1
1707490592196:search jujutsu 5
1707490724079:search jujutsu
1707490806837:help
1707490823417:search "jujutsu "
1707490836433:search "jujutsu " 2
1707490845086:search "jujutsu " --page 2
1707506448515:search jujutsu
1707506860812:search jujuts
1707507179759:search jujutsu
1707507190437:exit
1707507553535:search jujutsu
1707507962870:search jujutsu 5
1707507973863:search jujutsu 4
1707507987429:exit
1707508134484:search jujutsu
1707508144632:search jujutsu 5
1707508153736:search jujutsu 4
1707508164328:search jujutsu 0
1707508174955:exit
1707509239364:search jujutsu
1707509286191:search jujutus
1707509294799:exit
1707509430835:search jujutsu
1707510297889:exit
1707511421453:search jujutsu
1707511446474:exit
1707511469244:search jujutsu
1707511519714:search jujutus
1707511527884:search jujutsu
1707511539758:searcj jujutsu --page 2
1707511548469:search jujutsu --page 2
1707511561953:search jujutsu 2
1707511570044:exit
1707512011804:search jujutsu
1707512028103:chapters c52b2ce3-7f95-469c-96b0-479524fb7a1a
1707512053574:chapters c52b2ce3-7f95-469c-96b0-479524fb7a1a --page 19
1707517559059:hello-world spring
1707517560676:search someManga
1707517562073:search Inexistent
1707517768226:hello-world spring
1707517769738:search someManga
1707517771103:search Inexistent
1707517805924:hello-world spring
1707517807437:search someManga
1707517808746:search Inexistent
1707517862367:hello-world spring
1707517863817:search someManga
1707517865126:search Inexistent
1707519017988:search jujutsu
1707519032012:search boku no hero
1707519037994:search "boku no hero"
1707519079910:search jujutsu
1707519964244:exit
1707519969115:exit
1707521592965:search jujutsu
1707521608491:add c52b2ce3-7f95-469c-96b0-479524fb7a1a
1707521656568:exit
1707521707425:search jujutsu
1707521714695:add c52b2ce3-7f95-469c-96b0-479524fb7a1a
1707521891125:lsit
1707521893981:exit
1707522073619:list
1707525045513:read c52b2ce3-7f95-469c-96b0-479524fb7a1a
1707525064724:read c52b2ce3-7f95-469c-96b0-479524fb7a1a --quantity 250
1707525073848:help
1707525092278:exiit
1707525095487:exit
1707528627531:exir
1707528629203:exit
1707528682617:exir
1707528685425:exit
1707528923087:exir
1707528924554:exit
1707529274194:list
1707529838476:exit
1707529978411:help
1707530220123:help search
1707530251409:help
1707530255542:help search
1707530344682:search -h
1707530771227:help
1707530786616:read -h
1707534388620:search jujutsu
1707534391212:list
1707534419166:add
1707534434597:add  c52b2ce3-7f95-469c-96b0-479524fb7a1a --quantity -10
1707534461020:add c52b2ce3-7f95-469c-96b0-479524fb7a1a --quantity -10
1707534469463:stacktrace
1707534499863:add "c52b2ce3-7f95-469c-96b0-479524fb7a1a" --quantity -10
1707534529732:read c52b2ce3-7f95-469c-96b0-479524fb7a1a --quantity -10
1707534536827:read c52b2ce3-7f95-469c-96b0-479524fb7a1a --quantity "-10"
1707534544262:read c52b2ce3-7f95-469c-96b0-479524fb7a1a --quantity 10
1707534556716:read c52b2ce3-7f95-469c-96b0-479524fb7a1a --quantity=-10
1707534566355:read c52b2ce3-7f95-469c-96b0-479524fb7a1a --quantity="-10"
1707534568380:read c52b2ce3-7f95-469c-96b0-479524fb7a1a --quantity="10"
1707534572894:read c52b2ce3-7f95-469c-96b0-479524fb7a1a --quantity "10"
1707534575245:read c52b2ce3-7f95-469c-96b0-479524fb7a1a --quantity "-10"
1707534579263:read c52b2ce3-7f95-469c-96b0-479524fb7a1a --quantity "\\-10"
1707534583156:read c52b2ce3-7f95-469c-96b0-479524fb7a1a --quantity "\\\\-10"
1707534585230:read c52b2ce3-7f95-469c-96b0-479524fb7a1a --quantity "\\\\\\-10"
1707534597757:read c52b2ce3-7f95-469c-96b0-479524fb7a1a --quantity \\-10
1707534619561:read c52b2ce3-7f95-469c-96b0-479524fb7a1a --quantity 0
1707534628873:read c52b2ce3-7f95-469c-96b0-479524fb7a1a --quantity -0
1707534631447:read c52b2ce3-7f95-469c-96b0-479524fb7a1a --quantity -1
1707534643418:exit
